# JRE version: Java(TM) SE Runtime Environment Oracle GraalVM 21.0.2+13.1 (21.0.2+13) (build 21.0.2+13-LTS-jvmci-23.1-b30)
# Java VM: Java HotSpot(TM) 64-Bit Server VM Oracle GraalVM 21.0.2+13.1 (21.0.2+13-LTS-jvmci-23.1-b30, mixed mode, sharing, tiered, jvmci, jvmci compiler, compressed oops, compressed class ptrs, g1 gc, linux-amd64)
Heap:
 garbage-first heap   total 4210688K, used 914330K [0x0000000600000000, 0x0000000800000000)
  region size 16384K, 24 young (393216K), 2 survivors (32768K)
 Metaspace       used 151214K, committed 153792K, reserved 1245184K
  class space    used 21847K, committed 22976K, reserved 1048576K
GC Heap History (20 events):
Event: 24,557 GC heap before
{Heap before GC invocations=32 (full 0):
 garbage-first heap   total 1425408K, used 1246258K [0x0000000600000000, 0x0000000800000000)
  region size 16384K, 52 young (851968K), 1 survivors (16384K)
 Metaspace       used 79749K, committed 81920K, reserved 1179648K
  class space    used 9709K, committed 10688K, reserved 1048576K
}
Event: 24,789 GC heap after
{Heap after GC invocations=33 (full 0):
 garbage-first heap   total 4210688K, used 347266K [0x0000000600000000, 0x0000000800000000)
  region size 16384K, 2 young (32768K), 2 survivors (32768K)
 Metaspace       used 79749K, committed 81920K, reserved 1179648K
  class space    used 9709K, committed 10688K, reserved 1048576K
}
Event: 27,810 GC heap before
{Heap before GC invocations=33 (full 0):
 garbage-first heap   total 4210688K, used 1281154K [0x0000000600000000, 0x0000000800000000)
  region size 16384K, 59 young (966656K), 2 survivors (32768K)
 Metaspace       used 99069K, committed 101312K, reserved 1179648K
  class space    used 13352K, committed 14336K, reserved 1048576K
}
Event: 27,821 GC heap after
{Heap after GC invocations=34 (full 0):
 garbage-first heap   total 4210688K, used 363376K [0x0000000600000000, 0x0000000800000000)
  region size 16384K, 1 young (16384K), 1 survivors (16384K)
 Metaspace       used 99069K, committed 101312K, reserved 1179648K
  class space    used 13352K, committed 14336K, reserved 1048576K
}
Event: 29,694 GC heap before
{Heap before GC invocations=34 (full 0):
 garbage-first heap   total 4210688K, used 805744K [0x0000000600000000, 0x0000000800000000)
  region size 16384K, 29 young (475136K), 1 survivors (16384K)
 Metaspace       used 105017K, committed 107328K, reserved 1179648K
  class space    used 14099K, committed 15104K, reserved 1048576K
}
Event: 29,709 GC heap after
{Heap after GC invocations=35 (full 0):
 garbage-first heap   total 4210688K, used 377265K [0x0000000600000000, 0x0000000800000000)
  region size 16384K, 1 young (16384K), 1 survivors (16384K)
 Metaspace       used 105017K, committed 107328K, reserved 1179648K
  class space    used 14099K, committed 15104K, reserved 1048576K
}
Event: 30,220 GC heap before
{Heap before GC invocations=36 (full 0):
 garbage-first heap   total 1425408K, used 688561K [0x0000000600000000, 0x0000000800000000)
  region size 16384K, 20 young (327680K), 1 survivors (16384K)
 Metaspace       used 111188K, committed 113536K, reserved 1179648K
  class space    used 15221K, committed 16256K, reserved 1048576K
}
Event: 30,229 GC heap after
{Heap after GC invocations=37 (full 0):
 garbage-first heap   total 1425408K, used 370088K [0x0000000600000000, 0x0000000800000000)
  region size 16384K, 1 young (16384K), 1 survivors (16384K)
 Metaspace       used 111188K, committed 113536K, reserved 1179648K
  class space    used 15221K, committed 16256K, reserved 1048576K
}
Event: 30,701 GC heap before
{Heap before GC invocations=37 (full 0):
 garbage-first heap   total 1425408K, used 681384K [0x0000000600000000, 0x0000000800000000)
  region size 16384K, 20 young (327680K), 1 survivors (16384K)
 Metaspace       used 121140K, committed 123584K, reserved 1179648K
  class space    used 17042K, committed 18112K, reserved 1048576K
}
Event: 30,711 GC heap after
{Heap after GC invocations=38 (full 0):
 garbage-first heap   total 1425408K, used 349600K [0x0000000600000000, 0x0000000800000000)
  region size 16384K, 1 young (16384K), 1 survivors (16384K)
 Metaspace       used 121140K, committed 123584K, reserved 1179648K
  class space    used 17042K, committed 18112K, reserved 1048576K
}
Event: 32,778 GC heap before
{Heap before GC invocations=38 (full 0):
 garbage-first heap   total 1425408K, used 660896K [0x0000000600000000, 0x0000000800000000)
  region size 16384K, 20 young (327680K), 1 survivors (16384K)
 Metaspace       used 128286K, committed 130752K, reserved 1179648K
  class space    used 18530K, committed 19584K, reserved 1048576K
}
Event: 32,794 GC heap after
{Heap after GC invocations=39 (full 0):
 garbage-first heap   total 1425408K, used 351254K [0x0000000600000000, 0x0000000800000000)
  region size 16384K, 1 young (16384K), 1 survivors (16384K)
 Metaspace       used 128286K, committed 130752K, reserved 1179648K
  class space    used 18530K, committed 19584K, reserved 1048576K
}
Event: 33,168 GC heap before
{Heap before GC invocations=39 (full 0):
 garbage-first heap   total 1425408K, used 662550K [0x0000000600000000, 0x0000000800000000)
  region size 16384K, 20 young (327680K), 1 survivors (16384K)
 Metaspace       used 129559K, committed 132032K, reserved 1179648K
  class space    used 18669K, committed 19776K, reserved 1048576K
}
Event: 33,208 GC heap after
{Heap after GC invocations=40 (full 0):
 garbage-first heap   total 1425408K, used 424768K [0x0000000600000000, 0x0000000800000000)
  region size 16384K, 1 young (16384K), 1 survivors (16384K)
 Metaspace       used 129559K, committed 132032K, reserved 1179648K
  class space    used 18669K, committed 19776K, reserved 1048576K
}
Event: 33,531 GC heap before
{Heap before GC invocations=40 (full 0):
 garbage-first heap   total 1425408K, used 736064K [0x0000000600000000, 0x0000000800000000)
  region size 16384K, 20 young (327680K), 1 survivors (16384K)
 Metaspace       used 131492K, committed 133952K, reserved 1179648K
  class space    used 18956K, committed 20032K, reserved 1048576K
}
Event: 33,766 GC heap after
{Heap after GC invocations=41 (full 0):
 garbage-first heap   total 4210688K, used 437012K [0x0000000600000000, 0x0000000800000000)
  region size 16384K, 1 young (16384K), 1 survivors (16384K)
 Metaspace       used 131492K, committed 133952K, reserved 1179648K
  class space    used 18956K, committed 20032K, reserved 1048576K
}
Event: 35,050 GC heap before
{Heap before GC invocations=41 (full 0):
 garbage-first heap   total 4210688K, used 1387284K [0x0000000600000000, 0x0000000800000000)
  region size 16384K, 59 young (966656K), 1 survivors (16384K)
 Metaspace       used 139995K, committed 142528K, reserved 1179648K
  class space    used 20248K, committed 21312K, reserved 1048576K
}
Event: 35,068 GC heap after
{Heap after GC invocations=42 (full 0):
 garbage-first heap   total 4210688K, used 478416K [0x0000000600000000, 0x0000000800000000)
  region size 16384K, 2 young (32768K), 2 survivors (32768K)
 Metaspace       used 139995K, committed 142528K, reserved 1179648K
  class space    used 20248K, committed 21312K, reserved 1048576K
}
Event: 49,567 GC heap before
{Heap before GC invocations=42 (full 0):
 garbage-first heap   total 4210688K, used 1412304K [0x0000000600000000, 0x0000000800000000)
  region size 16384K, 59 young (966656K), 2 survivors (32768K)
 Metaspace       used 150512K, committed 153088K, reserved 1179648K
  class space    used 21771K, committed 22848K, reserved 1048576K
}
Event: 49,605 GC heap after
{Heap after GC invocations=43 (full 0):
 garbage-first heap   total 4210688K, used 569396K [0x0000000600000000, 0x0000000800000000)
  region size 16384K, 2 young (32768K), 2 survivors (32768K)
 Metaspace       used 150512K, committed 153088K, reserved 1179648K
  class space    used 21771K, committed 22848K, reserved 1048576K
}

